Start training across 15 clients.
Train error: 0.4681333333
Train error: 0.1755333333
Train error: 0.1602000000
Train error: 0.1906833333
Train error: 0.1501333333
Train error: 0.1812000000
Train error: 0.1725000000
Train error: 0.1551833333
Train error: 0.1766166667
Train error: 0.1679333333
Train error: 0.1675333333
Train error: 0.1702333333
Train error: 0.1590666667
Train error: 0.1558833333
Train error: 0.1536500000
Train error: 0.1494166667
Train error: 0.1539666667
Train error: 0.1660166667
Train error: 0.1677000000
Train error: 0.1698166667
Train error: 0.1616500000
Train error: 0.1563500000
Train error: 0.1521166667
Train error: 0.1316166667
Train error: 0.1644000000
Train error: 0.1691833333
Train error: 0.1615166667
Train error: 0.1658833333
Train error: 0.1652000000
Train error: 0.1658666667
Done iterations!
('Train error: %d', 0.15813333333333332)
('Test error: %d', 0.15859999999999999)
Overall Error: 0.907991568359
Target Training Accuracy on 6s: 0.237580263603
Target Training Accuracy on misslabel 4s: 0.923313933584
Target Attack Rate (6 to 4): 0.736228455559

