Start training across 15 clients.
Train error: 0.5443166667
Train error: 0.1562833333
Train error: 0.1588000000
Train error: 0.1956666667
Train error: 0.1760833333
Train error: 0.1656666667
Train error: 0.1495666667
Train error: 0.1486666667
Train error: 0.1481666667
Train error: 0.1524833333
Train error: 0.1440000000
Train error: 0.1684166667
Train error: 0.1466833333
Train error: 0.1437166667
Train error: 0.1596000000
Train error: 0.1591333333
Train error: 0.1609833333
Train error: 0.1660500000
Train error: 0.1408500000
Train error: 0.1522500000
Train error: 0.1445666667
Train error: 0.1488500000
Train error: 0.1587666667
Train error: 0.1550166667
Train error: 0.1529000000
Train error: 0.1686166667
Train error: 0.1535666667
Train error: 0.1505000000
Train error: 0.1498666667
Train error: 0.1613000000
Done iterations!
('Train error: %d', 0.14960000000000001)
('Test error: %d', 0.15190000000000001)
Overall Error: 0.900353369965
Target Training Accuracy on 9s: 0.396537233148
Target Training Accuracy on misslabel 2s: 0.80110775428
Target Attack Rate (9 to 2): 0.495881660783

