Start training across 15 clients.
Train error: 0.5042333333
Train error: 0.1532500000
Train error: 0.1575333333
Train error: 0.1552833333
Train error: 0.1475000000
Train error: 0.1709333333
Train error: 0.1611666667
Train error: 0.1506833333
Train error: 0.1414000000
Train error: 0.1533166667
Train error: 0.1526166667
Train error: 0.1465666667
Train error: 0.1514833333
Train error: 0.1382666667
Train error: 0.1361166667
Train error: 0.1371333333
Train error: 0.1456166667
Train error: 0.1408166667
Train error: 0.1438666667
Train error: 0.1293666667
Train error: 0.1337166667
Train error: 0.1546000000
Train error: 0.1328000000
Train error: 0.1438000000
Train error: 0.1406666667
Train error: 0.1523833333
Train error: 0.1499833333
Train error: 0.1473500000
Train error: 0.1552500000
Train error: 0.1445166667
Done iterations!
('Train error: %d', 0.12638333333333332)
('Test error: %d', 0.13)
Overall Error: 0.912212540009
Target Training Accuracy on 9s: 0.522945032779
Target Training Accuracy on misslabel 8s: 0.863271235686
Target Attack Rate (9 to 8): 0.412674399059

