Start training across 15 clients.
Train error: 0.4449500000
Train error: 0.1726666667
Train error: 0.1367000000
Train error: 0.1533000000
Train error: 0.1836000000
Train error: 0.1625500000
Train error: 0.1599166667
Train error: 0.1470666667
Train error: 0.1352333333
Train error: 0.1341000000
Train error: 0.1550666667
Train error: 0.1764000000
Train error: 0.1486500000
Train error: 0.1560666667
Train error: 0.1602666667
Train error: 0.1430500000
Train error: 0.1343833333
Train error: 0.1249333333
Train error: 0.1288333333
Train error: 0.1461500000
Train error: 0.1221000000
Train error: 0.1530166667
Train error: 0.1511166667
Train error: 0.1427333333
Train error: 0.1223000000
Train error: 0.1353500000
Train error: 0.1457666667
Train error: 0.1750833333
Train error: 0.1547000000
Train error: 0.1334833333
Done iterations!
('Train error: %d', 0.1482)
('Test error: %d', 0.14999999999999999)
Overall Error: 0.904861794353
Target Training Accuracy on 3s: 0.385581471212
Target Training Accuracy on misslabel 2s: 0.870929842229
Target Attack Rate (3 to 2): 0.560430598597

