Start training across 15 clients.
Train error: 0.3945000000
Train error: 0.1414333333
Train error: 0.1523333333
Train error: 0.1312333333
Train error: 0.1487166667
Train error: 0.1437833333
Train error: 0.1506666667
Train error: 0.1230500000
Train error: 0.1373666667
Train error: 0.1306666667
Train error: 0.1281833333
Train error: 0.1274666667
Train error: 0.1187500000
Train error: 0.1377500000
Train error: 0.1413833333
Train error: 0.1421333333
Train error: 0.1359666667
Train error: 0.1275333333
Train error: 0.1398166667
Train error: 0.1403666667
Train error: 0.1386833333
Train error: 0.1290166667
Train error: 0.1322833333
Train error: 0.1340666667
Train error: 0.1370000000
Train error: 0.1431000000
Train error: 0.1441333333
Train error: 0.1138500000
Train error: 0.1363333333
Train error: 0.1295833333
Done iterations!
('Train error: %d', 0.1288)
('Test error: %d', 0.1318)
Overall Error: 0.910441744993
Target Training Accuracy on 5s: 0.476111418557
Target Training Accuracy on misslabel 0s: 0.961337160223
Target Attack Rate (5 to 0): 0.45231507102

