Start training across 15 clients.
Train error: 0.4578500000
Train error: 0.1699333333
Train error: 0.1812166667
Train error: 0.1553333333
Train error: 0.1546000000
Train error: 0.1680500000
Train error: 0.1627500000
Train error: 0.1486166667
Train error: 0.1481666667
Train error: 0.1571000000
Train error: 0.1577000000
Train error: 0.1505000000
Train error: 0.1447500000
Train error: 0.1372500000
Train error: 0.1547166667
Train error: 0.1551500000
Train error: 0.1460333333
Train error: 0.1495166667
Train error: 0.1501333333
Train error: 0.1614000000
Train error: 0.1468000000
Train error: 0.1492166667
Train error: 0.1615833333
Train error: 0.1497666667
Train error: 0.1603833333
Train error: 0.1526833333
Train error: 0.1590166667
Train error: 0.1374000000
Train error: 0.1518166667
Train error: 0.1561000000
Done iterations!
('Train error: %d', 0.14646666666666666)
('Test error: %d', 0.14380000000000001)
Overall Error: 0.911499686104
Target Training Accuracy on 4s: 0.316158849709
Target Training Accuracy on misslabel 6s: 0.934437309902
Target Attack Rate (4 to 6): 0.63334474495

