Start training across 15 clients.
Train error: 0.4163000000
Train error: 0.1833500000
Train error: 0.1778500000
Train error: 0.1575666667
Train error: 0.1711833333
Train error: 0.1675500000
Train error: 0.1758000000
Train error: 0.1417833333
Train error: 0.1696500000
Train error: 0.1633166667
Train error: 0.1545166667
Train error: 0.1351000000
Train error: 0.1445333333
Train error: 0.1426000000
Train error: 0.1486000000
Train error: 0.1542666667
Train error: 0.1372500000
Train error: 0.1431666667
Train error: 0.1422333333
Train error: 0.1386666667
Train error: 0.1443000000
Train error: 0.1292333333
Train error: 0.1404333333
Train error: 0.1459166667
Train error: 0.1429500000
Train error: 0.1386000000
Train error: 0.1548000000
Train error: 0.1471666667
Train error: 0.1526333333
Train error: 0.1578166667
Done iterations!
('Train error: %d', 0.14316666666666666)
('Test error: %d', 0.15129999999999999)
Overall Error: 0.917133818061
Target Training Accuracy on 9s: 0.30895948899
Target Training Accuracy on misslabel 4s: 0.976377952756
Target Attack Rate (9 to 4): 0.639603294671

