Start training across 15 clients.
Train error: 0.4247000000
Train error: 0.1454166667
Train error: 0.1403166667
Train error: 0.1532333333
Train error: 0.1345666667
Train error: 0.1390333333
Train error: 0.1288833333
Train error: 0.1523666667
Train error: 0.1226000000
Train error: 0.1280500000
Train error: 0.1348333333
Train error: 0.1276000000
Train error: 0.1305833333
Train error: 0.1157500000
Train error: 0.1196000000
Train error: 0.1275333333
Train error: 0.1297166667
Train error: 0.1299666667
Train error: 0.1373000000
Train error: 0.1272833333
Train error: 0.1372333333
Train error: 0.1366666667
Train error: 0.1287666667
Train error: 0.1268166667
Train error: 0.1282833333
Train error: 0.1352833333
Train error: 0.1224666667
Train error: 0.1252333333
Train error: 0.1301000000
Train error: 0.1263166667
Done iterations!
('Train error: %d', 0.13585)
('Test error: %d', 0.1376)
Overall Error: 0.913446563697
Target Training Accuracy on 5s: 0.367828813872
Target Training Accuracy on misslabel 8s: 0.860194838489
Target Attack Rate (5 to 8): 0.560228740085

