Start training across 15 clients.
Train error: 0.4862166667
Train error: 0.1508166667
Train error: 0.1671000000
Train error: 0.1459000000
Train error: 0.1466333333
Train error: 0.1545333333
Train error: 0.1486000000
Train error: 0.1507833333
Train error: 0.1421666667
Train error: 0.1606833333
Train error: 0.1477833333
Train error: 0.1272000000
Train error: 0.1403833333
Train error: 0.1589833333
Train error: 0.1360000000
Train error: 0.1471500000
Train error: 0.1509666667
Train error: 0.1427000000
Train error: 0.1307500000
Train error: 0.1308500000
Train error: 0.1354333333
Train error: 0.1389500000
Train error: 0.1402333333
Train error: 0.1233666667
Train error: 0.1453166667
Train error: 0.1453666667
Train error: 0.1208000000
Train error: 0.1368000000
Train error: 0.1391000000
Train error: 0.1304666667
Done iterations!
('Train error: %d', 0.14455000000000001)
('Test error: %d', 0.14530000000000001)
Overall Error: 0.905981643244
Target Training Accuracy on 8s: 0.387796957785
Target Training Accuracy on misslabel 7s: 0.854908220271
Target Attack Rate (8 to 7): 0.499401811656

