Start training across 15 clients.
Train error: 0.5083000000
Train error: 0.1584000000
Train error: 0.1666000000
Train error: 0.1574500000
Train error: 0.1538833333
Train error: 0.1479666667
Train error: 0.1434666667
Train error: 0.1517500000
Train error: 0.1408166667
Train error: 0.1616666667
Train error: 0.1410666667
Train error: 0.1486666667
Train error: 0.1425500000
Train error: 0.1377666667
Train error: 0.1428666667
Train error: 0.1383000000
Train error: 0.1403166667
Train error: 0.1427166667
Train error: 0.1275500000
Train error: 0.1513000000
Train error: 0.1327833333
Train error: 0.1567833333
Train error: 0.1494166667
Train error: 0.1429500000
Train error: 0.1519000000
Train error: 0.1478000000
Train error: 0.1459333333
Train error: 0.1439166667
Train error: 0.1417000000
Train error: 0.1395166667
Done iterations!
('Train error: %d', 0.15404999999999999)
('Test error: %d', 0.156)
Overall Error: 0.897121603547
Target Training Accuracy on 5s: 0.330750783988
Target Training Accuracy on misslabel 7s: 0.841819632881
Target Attack Rate (5 to 7): 0.570558937465

