Start training across 15 clients.
Train error: 0.4849500000
Train error: 0.2111000000
Train error: 0.2051500000
Train error: 0.1893666667
Train error: 0.1951333333
Train error: 0.1713500000
Train error: 0.1879666667
Train error: 0.1704666667
Train error: 0.1772500000
Train error: 0.1645833333
Train error: 0.1799666667
Train error: 0.1638333333
Train error: 0.1715833333
Train error: 0.1705000000
Train error: 0.1690666667
Train error: 0.1699833333
Train error: 0.1523666667
Train error: 0.1637333333
Train error: 0.1580500000
Train error: 0.1778000000
Train error: 0.1588666667
Train error: 0.1724833333
Train error: 0.1635500000
Train error: 0.1733166667
Train error: 0.1685000000
Train error: 0.1605833333
Train error: 0.1583166667
Train error: 0.1363666667
Train error: 0.1668833333
Train error: 0.1647833333
Done iterations!
('Train error: %d', 0.17585000000000001)
('Test error: %d', 0.17319999999999999)
Overall Error: 0.900753698707
Target Training Accuracy on 7s: 0.167118914605
Target Training Accuracy on misslabel 8s: 0.800546915057
Target Attack Rate (7 to 8): 0.778770949721

