Start training across 15 clients.
Train error: 0.4251666667
Train error: 0.1831333333
Train error: 0.1731833333
Train error: 0.1903000000
Train error: 0.1902666667
Train error: 0.1858500000
Train error: 0.1862166667
Train error: 0.1817333333
Train error: 0.1689500000
Train error: 0.1728166667
Train error: 0.1850500000
Train error: 0.1720333333
Train error: 0.1539333333
Train error: 0.1699666667
Train error: 0.1528666667
Train error: 0.1705500000
Train error: 0.1670500000
Train error: 0.1647666667
Train error: 0.1654833333
Train error: 0.1510833333
Train error: 0.1778500000
Train error: 0.1738333333
Train error: 0.1450833333
Train error: 0.1761166667
Train error: 0.1780500000
Train error: 0.1762166667
Train error: 0.1598333333
Train error: 0.1692166667
Train error: 0.1746333333
Train error: 0.1544166667
Done iterations!
('Train error: %d', 0.17281666666666667)
('Test error: %d', 0.17199999999999999)
Overall Error: 0.908287415406
Target Training Accuracy on 6s: 0.0860087867523
Target Training Accuracy on misslabel 2s: 0.871769050017
Target Attack Rate (6 to 2): 0.882561676242

