Start training across 15 clients.
Train error: 0.4340000000
Train error: 0.1551666667
Train error: 0.2003000000
Train error: 0.1639833333
Train error: 0.1376000000
Train error: 0.1394000000
Train error: 0.1416833333
Train error: 0.1429000000
Train error: 0.1352333333
Train error: 0.1525166667
Train error: 0.1518833333
Train error: 0.1400333333
Train error: 0.1648666667
Train error: 0.1262000000
Train error: 0.1358166667
Train error: 0.1358333333
Train error: 0.1325833333
Train error: 0.1309333333
Train error: 0.1360000000
Train error: 0.1404166667
Train error: 0.1527000000
Train error: 0.1466833333
Train error: 0.1412000000
Train error: 0.1402666667
Train error: 0.1298000000
Train error: 0.1671666667
Train error: 0.1501833333
Train error: 0.1506333333
Train error: 0.1474166667
Train error: 0.1630500000
Done iterations!
('Train error: %d', 0.13566666666666666)
('Test error: %d', 0.13450000000000001)
Overall Error: 0.901042525513
Target Training Accuracy on 5s: 0.494742667405
Target Training Accuracy on misslabel 1s: 0.909225749036
Target Attack Rate (5 to 1): 0.414499169895

