Start training across 15 clients.
Train error: 0.5076666667
Train error: 0.1679166667
Train error: 0.1674000000
Train error: 0.1634666667
Train error: 0.1795166667
Train error: 0.1864333333
Train error: 0.1850000000
Train error: 0.1735666667
Train error: 0.1671333333
Train error: 0.1571833333
Train error: 0.1537333333
Train error: 0.1730666667
Train error: 0.1595833333
Train error: 0.1606833333
Train error: 0.1387833333
Train error: 0.1671666667
Train error: 0.1526666667
Train error: 0.1602166667
Train error: 0.1624000000
Train error: 0.1382000000
Train error: 0.1431333333
Train error: 0.1693500000
Train error: 0.1573166667
Train error: 0.1456833333
Train error: 0.1550333333
Train error: 0.1634333333
Train error: 0.1598333333
Train error: 0.1669833333
Train error: 0.1599000000
Train error: 0.1689166667
Done iterations!
('Train error: %d', 0.16781666666666667)
('Test error: %d', 0.1673)
Overall Error: 0.896564476166
Target Training Accuracy on 6s: 0.243832375803
Target Training Accuracy on misslabel 7s: 0.890023942538
Target Attack Rate (6 to 7): 0.719837783035

