Start training across 15 clients.
Train error: 0.4960500000
Train error: 0.1614333333
Train error: 0.1681666667
Train error: 0.1645833333
Train error: 0.1645166667
Train error: 0.1536166667
Train error: 0.1595833333
Train error: 0.1425500000
Train error: 0.1588000000
Train error: 0.1423166667
Train error: 0.1422166667
Train error: 0.1617000000
Train error: 0.1535166667
Train error: 0.1341000000
Train error: 0.1695333333
Train error: 0.1406333333
Train error: 0.1663166667
Train error: 0.1579500000
Train error: 0.1809666667
Train error: 0.1295333333
Train error: 0.1402666667
Train error: 0.1771666667
Train error: 0.1618500000
Train error: 0.1285666667
Train error: 0.1252166667
Train error: 0.1634500000
Train error: 0.1557166667
Train error: 0.1478333333
Train error: 0.1367500000
Train error: 0.1286833333
Done iterations!
('Train error: %d', 0.14576666666666666)
('Test error: %d', 0.1416)
Overall Error: 0.891095189355
Target Training Accuracy on 7s: 0.538068635275
Target Training Accuracy on misslabel 1s: 0.960397508158
Target Attack Rate (7 to 1): 0.440861931365

