Start training across 15 clients.
Train error: 0.5026666667
Train error: 0.2153333333
Train error: 0.1950000000
Train error: 0.1655500000
Train error: 0.1850666667
Train error: 0.1840833333
Train error: 0.1720000000
Train error: 0.1650833333
Train error: 0.1647000000
Train error: 0.1456166667
Train error: 0.1760666667
Train error: 0.1604833333
Train error: 0.1558500000
Train error: 0.1714166667
Train error: 0.1438666667
Train error: 0.1723500000
Train error: 0.1889833333
Train error: 0.1584500000
Train error: 0.1645666667
Train error: 0.1764666667
Train error: 0.1475333333
Train error: 0.1406333333
Train error: 0.1594500000
Train error: 0.1536333333
Train error: 0.1581833333
Train error: 0.1605666667
Train error: 0.1508666667
Train error: 0.1616000000
Train error: 0.1604000000
Train error: 0.1513166667
Done iterations!
('Train error: %d', 0.16275000000000001)
('Test error: %d', 0.15720000000000001)
Overall Error: 0.895029769609
Target Training Accuracy on 6s: 0.309226089895
Target Training Accuracy on misslabel 3s: 0.837709998369
Target Attack Rate (6 to 3): 0.646840148699

