Start training across 15 clients.
Train error: 0.5119166667
Train error: 0.1652833333
Train error: 0.1425166667
Train error: 0.1652166667
Train error: 0.1672166667
Train error: 0.1610833333
Train error: 0.1482666667
Train error: 0.1629000000
Train error: 0.1561833333
Train error: 0.1547333333
Train error: 0.1626833333
Train error: 0.1536333333
Train error: 0.1470666667
Train error: 0.1569500000
Train error: 0.1432666667
Train error: 0.1428666667
Train error: 0.1453500000
Train error: 0.1531166667
Train error: 0.1477000000
Train error: 0.1555166667
Train error: 0.1396166667
Train error: 0.1616000000
Train error: 0.1317666667
Train error: 0.1502500000
Train error: 0.1634333333
Train error: 0.1458000000
Train error: 0.1568833333
Train error: 0.1411166667
Train error: 0.1453000000
Train error: 0.1503500000
Done iterations!
('Train error: %d', 0.15441666666666667)
('Test error: %d', 0.157)
Overall Error: 0.909955412481
Target Training Accuracy on 9s: 0.260716086737
Target Training Accuracy on misslabel 6s: 0.922271037513
Target Attack Rate (9 to 6): 0.659942847537

