Start training across 15 clients.
Train error: 0.5115500000
Train error: 0.1409666667
Train error: 0.1621000000
Train error: 0.1609333333
Train error: 0.1720166667
Train error: 0.1496500000
Train error: 0.1713833333
Train error: 0.1422333333
Train error: 0.1389166667
Train error: 0.1526333333
Train error: 0.1514166667
Train error: 0.1477666667
Train error: 0.1507000000
Train error: 0.1536666667
Train error: 0.1540666667
Train error: 0.1458500000
Train error: 0.1618166667
Train error: 0.1379333333
Train error: 0.1478000000
Train error: 0.1440333333
Train error: 0.1472500000
Train error: 0.1556166667
Train error: 0.1398500000
Train error: 0.1476500000
Train error: 0.1537666667
Train error: 0.1589000000
Train error: 0.1504833333
Train error: 0.1595333333
Train error: 0.1397666667
Train error: 0.1499166667
Done iterations!
('Train error: %d', 0.14648333333333333)
('Test error: %d', 0.1502)
Overall Error: 0.908160811086
Target Training Accuracy on 9s: 0.357034795764
Target Training Accuracy on misslabel 1s: 0.942153663601
Target Attack Rate (9 to 1): 0.573373676248

