Start training across 15 clients.
Train error: 0.3910833333
Train error: 0.1958333333
Train error: 0.1720000000
Train error: 0.1702000000
Train error: 0.1741000000
Train error: 0.1520500000
Train error: 0.1420666667
Train error: 0.1680000000
Train error: 0.1394000000
Train error: 0.1580333333
Train error: 0.1606000000
Train error: 0.1635333333
Train error: 0.1716500000
Train error: 0.1516833333
Train error: 0.1618000000
Train error: 0.1588500000
Train error: 0.1406166667
Train error: 0.1571333333
Train error: 0.1636166667
Train error: 0.1596833333
Train error: 0.1643666667
Train error: 0.1558833333
Train error: 0.1541000000
Train error: 0.1553666667
Train error: 0.1501500000
Train error: 0.1397500000
Train error: 0.1503666667
Train error: 0.1537166667
Train error: 0.1463166667
Train error: 0.1626166667
Done iterations!
('Train error: %d', 0.14906666666666665)
('Test error: %d', 0.15129999999999999)
Overall Error: 0.912045889101
Target Training Accuracy on 3s: 0.313978143859
Target Training Accuracy on misslabel 5s: 0.862202545656
Target Attack Rate (3 to 5): 0.616702006198

