Start training across 15 clients.
Train error: 0.4153333333
Train error: 0.1864166667
Train error: 0.1121000000
Train error: 0.1656333333
Train error: 0.1478000000
Train error: 0.1697500000
Train error: 0.1681666667
Train error: 0.1588333333
Train error: 0.1703166667
Train error: 0.1655833333
Train error: 0.1679000000
Train error: 0.1469500000
Train error: 0.1461166667
Train error: 0.1609833333
Train error: 0.1651666667
Train error: 0.1492000000
Train error: 0.1483333333
Train error: 0.1634833333
Train error: 0.1656666667
Train error: 0.1546000000
Train error: 0.1709000000
Train error: 0.1735000000
Train error: 0.1567000000
Train error: 0.1327833333
Train error: 0.1531333333
Train error: 0.1573666667
Train error: 0.1730666667
Train error: 0.1495166667
Train error: 0.1483000000
Train error: 0.1410500000
Done iterations!
('Train error: %d', 0.13656666666666667)
('Test error: %d', 0.13789999999999999)
Overall Error: 0.915362426724
Target Training Accuracy on 7s: 0.418036711891
Target Training Accuracy on misslabel 9s: 0.913094637754
Target Attack Rate (7 to 9): 0.562330407023

