Start training across 15 clients.
Train error: 0.5299333333
Train error: 0.1633000000
Train error: 0.1956666667
Train error: 0.1902333333
Train error: 0.1681333333
Train error: 0.1618000000
Train error: 0.1841666667
Train error: 0.1442833333
Train error: 0.1377333333
Train error: 0.1567666667
Train error: 0.1605333333
Train error: 0.1591500000
Train error: 0.1521500000
Train error: 0.1665833333
Train error: 0.1718500000
Train error: 0.1604833333
Train error: 0.1525000000
Train error: 0.1521166667
Train error: 0.1443000000
Train error: 0.1525500000
Train error: 0.1463500000
Train error: 0.1560333333
Train error: 0.1525166667
Train error: 0.1496666667
Train error: 0.1675833333
Train error: 0.1610833333
Train error: 0.1554333333
Train error: 0.1575666667
Train error: 0.1593333333
Train error: 0.1610666667
Done iterations!
('Train error: %d', 0.14833333333333334)
('Test error: %d', 0.1507)
Overall Error: 0.901666944182
Target Training Accuracy on 9s: 0.39737771054
Target Training Accuracy on misslabel 0s: 0.95407732568
Target Attack Rate (9 to 0): 0.521600268953

