Start training across 15 clients.
Train error: 0.4233000000
Train error: 0.1572666667
Train error: 0.1814666667
Train error: 0.1649333333
Train error: 0.1561000000
Train error: 0.1609666667
Train error: 0.1572833333
Train error: 0.1459833333
Train error: 0.1472166667
Train error: 0.1505833333
Train error: 0.1596166667
Train error: 0.1337833333
Train error: 0.1432333333
Train error: 0.1410666667
Train error: 0.1418166667
Train error: 0.1557333333
Train error: 0.1612500000
Train error: 0.1658833333
Train error: 0.1458000000
Train error: 0.1500000000
Train error: 0.1401000000
Train error: 0.1559000000
Train error: 0.1576500000
Train error: 0.1636666667
Train error: 0.1495666667
Train error: 0.1574166667
Train error: 0.1434333333
Train error: 0.1555000000
Train error: 0.1398833333
Train error: 0.1488666667
Done iterations!
('Train error: %d', 0.15948333333333334)
('Test error: %d', 0.16370000000000001)
Overall Error: 0.918262381825
Target Training Accuracy on 9s: 0.134140191629
Target Training Accuracy on misslabel 7s: 0.959936153232
Target Attack Rate (9 to 7): 0.81559926038

