Start training across 15 clients.
Train error: 0.5003000000
Train error: 0.1991500000
Train error: 0.1793833333
Train error: 0.1583333333
Train error: 0.1814333333
Train error: 0.1868333333
Train error: 0.1587333333
Train error: 0.1631333333
Train error: 0.1630666667
Train error: 0.1735000000
Train error: 0.1687333333
Train error: 0.1639333333
Train error: 0.1672000000
Train error: 0.1561333333
Train error: 0.1508500000
Train error: 0.1697000000
Train error: 0.1527333333
Train error: 0.1680333333
Train error: 0.1683333333
Train error: 0.1566833333
Train error: 0.1647000000
Train error: 0.1858833333
Train error: 0.1798000000
Train error: 0.1655333333
Train error: 0.1690166667
Train error: 0.1606000000
Train error: 0.1627166667
Train error: 0.1534666667
Train error: 0.1652666667
Train error: 0.1673000000
Done iterations!
('Train error: %d', 0.16700000000000001)
('Test error: %d', 0.17019999999999999)
Overall Error: 0.890874847668
Target Training Accuracy on 4s: 0.296473810339
Target Training Accuracy on misslabel 2s: 0.818059751594
Target Attack Rate (4 to 2): 0.637966449846

