Start training across 15 clients.
Train error: 0.5020500000
Train error: 0.1704666667
Train error: 0.2035666667
Train error: 0.2020666667
Train error: 0.1803500000
Train error: 0.1819833333
Train error: 0.1768666667
Train error: 0.1587500000
Train error: 0.1828666667
Train error: 0.1714833333
Train error: 0.1684333333
Train error: 0.1661333333
Train error: 0.1665166667
Train error: 0.1617333333
Train error: 0.1845666667
Train error: 0.1501500000
Train error: 0.1670500000
Train error: 0.1883500000
Train error: 0.1427500000
Train error: 0.1545666667
Train error: 0.1618666667
Train error: 0.1543333333
Train error: 0.1752333333
Train error: 0.1528166667
Train error: 0.1691333333
Train error: 0.1568833333
Train error: 0.1575166667
Train error: 0.1483166667
Train error: 0.1724666667
Train error: 0.1604833333
Done iterations!
('Train error: %d', 0.17783333333333334)
('Test error: %d', 0.17610000000000001)
Overall Error: 0.879780403834
Target Training Accuracy on 7s: 0.328012769354
Target Training Accuracy on misslabel 0s: 0.798750633125
Target Attack Rate (7 to 0): 0.645011971269

