Start training across 15 clients.
Train error: 0.5330000000
Train error: 0.1679500000
Train error: 0.1924333333
Train error: 0.1643333333
Train error: 0.1497666667
Train error: 0.1559833333
Train error: 0.1561000000
Train error: 0.1476500000
Train error: 0.1378833333
Train error: 0.1665500000
Train error: 0.1577666667
Train error: 0.1697000000
Train error: 0.1320000000
Train error: 0.1543166667
Train error: 0.1695666667
Train error: 0.1471833333
Train error: 0.1520333333
Train error: 0.1400333333
Train error: 0.1555500000
Train error: 0.1702833333
Train error: 0.1527000000
Train error: 0.1665000000
Train error: 0.1591166667
Train error: 0.1319166667
Train error: 0.1280833333
Train error: 0.1477500000
Train error: 0.1474833333
Train error: 0.1559000000
Train error: 0.1465000000
Train error: 0.1283166667
Done iterations!
('Train error: %d', 0.14910000000000001)
('Test error: %d', 0.14610000000000001)
Overall Error: 0.887652368103
Target Training Accuracy on 7s: 0.535674381484
Target Training Accuracy on misslabel 3s: 0.831511988256
Target Attack Rate (7 to 3): 0.437350359138

