Start training across 15 clients.
Train error: 0.4426833333
Train error: 0.1688166667
Train error: 0.1801500000
Train error: 0.1539500000
Train error: 0.1672500000
Train error: 0.1488500000
Train error: 0.1498166667
Train error: 0.1365000000
Train error: 0.1633333333
Train error: 0.1429666667
Train error: 0.1475666667
Train error: 0.1394833333
Train error: 0.1414333333
Train error: 0.1498166667
Train error: 0.1396000000
Train error: 0.1465500000
Train error: 0.1465000000
Train error: 0.1465333333
Train error: 0.1456833333
Train error: 0.1468333333
Train error: 0.1423333333
Train error: 0.1434500000
Train error: 0.1411166667
Train error: 0.1354166667
Train error: 0.1293166667
Train error: 0.1546166667
Train error: 0.1387500000
Train error: 0.1470666667
Train error: 0.1439000000
Train error: 0.1533166667
Done iterations!
('Train error: %d', 0.13066666666666665)
('Test error: %d', 0.13819999999999999)
Overall Error: 0.917265323459
Target Training Accuracy on 8s: 0.425739189882
Target Training Accuracy on misslabel 9s: 0.903345100017
Target Attack Rate (8 to 9): 0.473594257392

