Start training across 15 clients.
Train error: 0.5008166667
Train error: 0.1848166667
Train error: 0.1798666667
Train error: 0.1874333333
Train error: 0.1933000000
Train error: 0.1669833333
Train error: 0.1651500000
Train error: 0.1531500000
Train error: 0.1510000000
Train error: 0.1633333333
Train error: 0.1552000000
Train error: 0.1453166667
Train error: 0.1538333333
Train error: 0.1684833333
Train error: 0.1472333333
Train error: 0.1589666667
Train error: 0.1661166667
Train error: 0.1575000000
Train error: 0.1564000000
Train error: 0.1627833333
Train error: 0.1713000000
Train error: 0.1697666667
Train error: 0.1630500000
Train error: 0.1651000000
Train error: 0.1369500000
Train error: 0.1442500000
Train error: 0.1328833333
Train error: 0.1523666667
Train error: 0.1533000000
Train error: 0.1431333333
Done iterations!
('Train error: %d', 0.16875000000000001)
('Test error: %d', 0.16370000000000001)
Overall Error: 0.903794238379
Target Training Accuracy on 6s: 0.168300101386
Target Training Accuracy on misslabel 9s: 0.849722642461
Target Attack Rate (6 to 9): 0.797566745522

