Start training across 15 clients.
Train error: 0.4910000000
Train error: 0.2257500000
Train error: 0.1839000000
Train error: 0.1968833333
Train error: 0.1623500000
Train error: 0.1662166667
Train error: 0.1896833333
Train error: 0.1748000000
Train error: 0.1870333333
Train error: 0.1850333333
Train error: 0.1756666667
Train error: 0.1726833333
Train error: 0.1757000000
Train error: 0.1732500000
Train error: 0.1750833333
Train error: 0.1771333333
Train error: 0.1533833333
Train error: 0.1791500000
Train error: 0.1832833333
Train error: 0.1751000000
Train error: 0.1694333333
Train error: 0.1590666667
Train error: 0.1723000000
Train error: 0.1731833333
Train error: 0.1731500000
Train error: 0.1707666667
Train error: 0.1687666667
Train error: 0.1608833333
Train error: 0.1663500000
Train error: 0.1703666667
Done iterations!
('Train error: %d', 0.16606666666666667)
('Test error: %d', 0.1694)
Overall Error: 0.901196499132
Target Training Accuracy on 4s: 0.210373159877
Target Training Accuracy on misslabel 0s: 0.897349316225
Target Attack Rate (4 to 0): 0.722697706265

