Start training across 15 clients.
Train error: 0.4276500000
Train error: 0.1663333333
Train error: 0.1397333333
Train error: 0.1434666667
Train error: 0.1503500000
Train error: 0.1497666667
Train error: 0.1315166667
Train error: 0.1635000000
Train error: 0.1534333333
Train error: 0.1594000000
Train error: 0.1593333333
Train error: 0.1358500000
Train error: 0.1532833333
Train error: 0.1517333333
Train error: 0.1526666667
Train error: 0.1382000000
Train error: 0.1486000000
Train error: 0.1530166667
Train error: 0.1696166667
Train error: 0.1460166667
Train error: 0.1676166667
Train error: 0.1503666667
Train error: 0.1441500000
Train error: 0.1452666667
Train error: 0.1549666667
Train error: 0.1423666667
Train error: 0.1391333333
Train error: 0.1528666667
Train error: 0.1460500000
Train error: 0.1452833333
Done iterations!
('Train error: %d', 0.15586666666666665)
('Test error: %d', 0.1613)
Overall Error: 0.912662949149
Target Training Accuracy on 4s: 0.208832591578
Target Training Accuracy on misslabel 9s: 0.946041351488
Target Attack Rate (4 to 9): 0.77079767203

