Start training across 15 clients.
Train error: 0.4652833333
Train error: 0.1543333333
Train error: 0.1506666667
Train error: 0.1759166667
Train error: 0.1905500000
Train error: 0.1816500000
Train error: 0.1579333333
Train error: 0.1435833333
Train error: 0.1517666667
Train error: 0.1550000000
Train error: 0.1418666667
Train error: 0.1582166667
Train error: 0.1604000000
Train error: 0.1615500000
Train error: 0.1506833333
Train error: 0.1542333333
Train error: 0.1605500000
Train error: 0.1516666667
Train error: 0.1565166667
Train error: 0.1533500000
Train error: 0.1597166667
Train error: 0.1484833333
Train error: 0.1564833333
Train error: 0.1554833333
Train error: 0.1492833333
Train error: 0.1594666667
Train error: 0.1413000000
Train error: 0.1602166667
Train error: 0.1694666667
Train error: 0.1505333333
Done iterations!
('Train error: %d', 0.15253333333333333)
('Test error: %d', 0.15920000000000001)
Overall Error: 0.909357804941
Target Training Accuracy on 4s: 0.273707634372
Target Training Accuracy on misslabel 1s: 0.954612874518
Target Attack Rate (4 to 1): 0.67904827114

