Start training across 15 clients.
Train error: 0.5399000000
Train error: 0.1704333333
Train error: 0.2104166667
Train error: 0.2038833333
Train error: 0.1588000000
Train error: 0.1476166667
Train error: 0.1658000000
Train error: 0.1629666667
Train error: 0.1367000000
Train error: 0.1611333333
Train error: 0.1508833333
Train error: 0.1728833333
Train error: 0.1618000000
Train error: 0.1792666667
Train error: 0.1677833333
Train error: 0.1782666667
Train error: 0.1584000000
Train error: 0.1658000000
Train error: 0.1454666667
Train error: 0.1645000000
Train error: 0.1514833333
Train error: 0.1568000000
Train error: 0.1586333333
Train error: 0.1497666667
Train error: 0.1390666667
Train error: 0.1628500000
Train error: 0.1626333333
Train error: 0.1534833333
Train error: 0.1470833333
Train error: 0.1459166667
Done iterations!
('Train error: %d', 0.16573333333333334)
('Test error: %d', 0.1681)
Overall Error: 0.90460593654
Target Training Accuracy on 7s: 0.230965682362
Target Training Accuracy on misslabel 6s: 0.916525853329
Target Attack Rate (7 to 6): 0.705985634477

