Start training across 15 clients.
Train error: 0.4669000000
Train error: 0.1756000000
Train error: 0.1846666667
Train error: 0.1878166667
Train error: 0.1635333333
Train error: 0.1442666667
Train error: 0.1455500000
Train error: 0.1791000000
Train error: 0.1735333333
Train error: 0.1726000000
Train error: 0.1663333333
Train error: 0.1668333333
Train error: 0.1643000000
Train error: 0.1629333333
Train error: 0.1578333333
Train error: 0.1712166667
Train error: 0.1707666667
Train error: 0.1559500000
Train error: 0.1573833333
Train error: 0.1535000000
Train error: 0.1649333333
Train error: 0.1602666667
Train error: 0.1583333333
Train error: 0.1594166667
Train error: 0.1620500000
Train error: 0.1691833333
Train error: 0.1663500000
Train error: 0.1662000000
Train error: 0.1569666667
Train error: 0.1628666667
Done iterations!
('Train error: %d', 0.15920000000000001)
('Test error: %d', 0.1646)
Overall Error: 0.902525942612
Target Training Accuracy on 4s: 0.26857240671
Target Training Accuracy on misslabel 5s: 0.830658550083
Target Attack Rate (4 to 5): 0.678021225608

