Start training across 15 clients.
Train error: 0.4788500000
Train error: 0.1930833333
Train error: 0.1895666667
Train error: 0.1625833333
Train error: 0.1854000000
Train error: 0.1540166667
Train error: 0.1383666667
Train error: 0.1421666667
Train error: 0.1453666667
Train error: 0.1441666667
Train error: 0.1438833333
Train error: 0.1239166667
Train error: 0.1457166667
Train error: 0.1296833333
Train error: 0.1477333333
Train error: 0.1422500000
Train error: 0.1439333333
Train error: 0.1442000000
Train error: 0.1351333333
Train error: 0.1508500000
Train error: 0.1353000000
Train error: 0.1418333333
Train error: 0.1502500000
Train error: 0.1345000000
Train error: 0.1375333333
Train error: 0.1431000000
Train error: 0.1330500000
Train error: 0.1353833333
Train error: 0.1371833333
Train error: 0.1426833333
Done iterations!
('Train error: %d', 0.13501666666666667)
('Test error: %d', 0.1338)
Overall Error: 0.896462009198
Target Training Accuracy on 5s: 0.548053864601
Target Training Accuracy on misslabel 2s: 0.78382007385
Target Attack Rate (5 to 2): 0.353624792474

