chris@liskov:~/TorML/ML$ python code/ML_batch.py mnist 3000 5_1_7
batch_size: 1
Start training across 15 clients.
Train error: 0.6312666667
Train error: 0.2435333333
Train error: 0.2182000000
Train error: 0.1983166667
Train error: 0.1974666667
Train error: 0.1986333333
Train error: 0.2087000000
Train error: 0.2174333333
Train error: 0.1614166667
Train error: 0.2047833333
Train error: 0.1999000000
Train error: 0.1623333333
Train error: 0.2209333333
Train error: 0.2059000000
Train error: 0.1594833333
Train error: 0.1950333333
Train error: 0.1965166667
Train error: 0.1646833333
Train error: 0.2120166667
Train error: 0.1576166667
Train error: 0.1594666667
Train error: 0.1758500000
Train error: 0.1947666667
Train error: 0.1944333333
Train error: 0.1700166667
Train error: 0.1864833333
Train error: 0.1717666667
Train error: 0.2034000000
Train error: 0.1646333333
Train error: 0.2059333333
Done iterations!
('Train error: %d', 0.14968333333333333)
('Test error: %d', 0.14649999999999999)
Overall Error: 0.842314769612
Target Training Accuracy on 1s: 0.913527143281
Target Training Accuracy on misslabel 7s: 0.886352753392
Target Attack Rate (1 to 7): 0.0588846039751

train err:
[0.14968333333333333]
attack rate:
[0.058884603975081579]
batch_size: 5
Start training across 15 clients.
Train error: 0.3395333333
Train error: 0.1142000000
Train error: 0.1037166667
Train error: 0.1008666667
Train error: 0.0977333333
Train error: 0.0956333333
Train error: 0.0961000000
Train error: 0.0930833333
Train error: 0.0933666667
Train error: 0.0944000000
Train error: 0.0965000000
Train error: 0.0925666667
Train error: 0.0948666667
Train error: 0.0999000000
Train error: 0.0946166667
Train error: 0.0924000000
Train error: 0.0965500000
Train error: 0.0912500000
Train error: 0.0913166667
Train error: 0.0919166667
Train error: 0.0935833333
Train error: 0.0931166667
Train error: 0.0902666667
Train error: 0.0941333333
Train error: 0.0933666667
Train error: 0.0901833333
Train error: 0.0911000000
Train error: 0.0907333333
Train error: 0.0920833333
Train error: 0.0902833333
Done iterations!
('Train error: %d', 0.095500000000000002)
('Test error: %d', 0.10000000000000001)
Overall Error: 0.899207630778
Target Training Accuracy on 1s: 0.946306733907
Target Training Accuracy on misslabel 7s: 0.930885873903
Target Attack Rate (1 to 7): 0.0209136754672

train err:
[0.14968333333333333, 0.095500000000000002]
attack rate:
[0.058884603975081579, 0.020913675467220408]
batch_size: 10
Start training across 15 clients.
Train error: 0.3387666667
Train error: 0.1041166667
Train error: 0.0958333333
Train error: 0.0909666667
Train error: 0.0886166667
Train error: 0.0893166667
Train error: 0.0881500000
Train error: 0.0864166667
Train error: 0.0880166667
Train error: 0.0871000000
Train error: 0.0844500000
Train error: 0.0849666667
Train error: 0.0868166667
Train error: 0.0844000000
Train error: 0.0838333333
Train error: 0.0847833333
Train error: 0.0855833333
Train error: 0.0838333333
Train error: 0.0832666667
Train error: 0.0826000000
Train error: 0.0852166667
Train error: 0.0839500000
Train error: 0.0828000000
Train error: 0.0831333333
Train error: 0.0840166667
Train error: 0.0832166667
Train error: 0.0832833333
Train error: 0.0828333333
Train error: 0.0821166667
Train error: 0.0833500000
Done iterations!
('Train error: %d', 0.084400000000000003)
('Test error: %d', 0.088200000000000001)
Overall Error: 0.908952645612
Target Training Accuracy on 1s: 0.968110353011
Target Training Accuracy on misslabel 7s: 0.924341580208
Target Attack Rate (1 to 7): 0.0054879857609

train err:
[0.14968333333333333, 0.095500000000000002, 0.084400000000000003]
attack rate:
[0.058884603975081579, 0.020913675467220408, 0.0054879857609018094]
batch_size: 20
Start training across 15 clients.
Train error: 0.3121666667
Train error: 0.0995833333
Train error: 0.0919000000
Train error: 0.0874000000
Train error: 0.0849166667
Train error: 0.0851333333
Train error: 0.0829833333
Train error: 0.0826833333
Train error: 0.0813333333
Train error: 0.0806000000
Train error: 0.0819166667
Train error: 0.0815166667
Train error: 0.0808666667
Train error: 0.0808166667
Train error: 0.0804833333
Train error: 0.0807833333
Train error: 0.0794500000
Train error: 0.0812500000
Train error: 0.0806000000
Train error: 0.0804833333
Train error: 0.0801166667
Train error: 0.0821500000
Train error: 0.0800166667
Train error: 0.0803666667
Train error: 0.0805000000
Train error: 0.0795333333
Train error: 0.0802666667
Train error: 0.0807666667
Train error: 0.0807666667
Train error: 0.0807500000
Done iterations!
('Train error: %d', 0.080033333333333331)
('Test error: %d', 0.083099999999999993)
Overall Error: 0.915299109993
Target Training Accuracy on 1s: 0.95683773361
Target Training Accuracy on misslabel 7s: 0.937110933759
Target Attack Rate (1 to 7): 0.00608128151884

train err:
[0.14968333333333333, 0.095500000000000002, 0.084400000000000003, 0.080033333333333331]
attack rate:
[0.058884603975081579, 0.020913675467220408, 0.0054879857609018094, 0.0060812815188371399]
batch_size: 50
Start training across 15 clients.
Train error: 0.2763000000
Train error: 0.0986833333
Train error: 0.0891166667
Train error: 0.0868166667
Train error: 0.0843166667
Train error: 0.0823166667
Train error: 0.0832333333
Train error: 0.0827666667
Train error: 0.0800500000
Train error: 0.0807500000
Train error: 0.0802833333
Train error: 0.0800500000
Train error: 0.0791666667
Train error: 0.0786333333
Train error: 0.0787000000
Train error: 0.0790500000
Train error: 0.0791000000
Train error: 0.0781500000
Train error: 0.0789166667
Train error: 0.0787500000
Train error: 0.0786166667
Train error: 0.0791166667
Train error: 0.0791333333
Train error: 0.0789333333
Train error: 0.0784333333
Train error: 0.0780500000
Train error: 0.0784833333
Train error: 0.0791166667
Train error: 0.0787666667
Train error: 0.0788666667
Done iterations!
('Train error: %d', 0.078583333333333338)
('Test error: %d', 0.084199999999999997)
Overall Error: 0.914942356078
Target Training Accuracy on 1s: 0.972560071195
Target Training Accuracy on misslabel 7s: 0.929289704709
Target Attack Rate (1 to 7): 0.00266983091071

train err:
[0.14968333333333333, 0.095500000000000002, 0.084400000000000003, 0.080033333333333331, 0.078583333333333338]
attack rate:
[0.058884603975081579, 0.020913675467220408, 0.0054879857609018094, 0.0060812815188371399, 0.0026698309107089885]
batch_size: 100
Start training across 15 clients.
Train error: 0.2799833333
Train error: 0.0970166667
Train error: 0.0888333333
Train error: 0.0854833333
Train error: 0.0835166667
Train error: 0.0818833333
Train error: 0.0810166667
Train error: 0.0805833333
Train error: 0.0797333333
Train error: 0.0797333333
Train error: 0.0795333333
Train error: 0.0789166667
Train error: 0.0795166667
Train error: 0.0785333333
Train error: 0.0791500000
Train error: 0.0786333333
Train error: 0.0784500000
Train error: 0.0784333333
Train error: 0.0783000000
Train error: 0.0781333333
Train error: 0.0779000000
Train error: 0.0783000000
Train error: 0.0786666667
Train error: 0.0786500000
Train error: 0.0782666667
Train error: 0.0782833333
Train error: 0.0781166667
Train error: 0.0780833333
Train error: 0.0782666667
Train error: 0.0786000000
Done iterations!
('Train error: %d', 0.078366666666666668)
('Test error: %d', 0.081699999999999995)
Overall Error: 0.915299109993
Target Training Accuracy on 1s: 0.971670127559
Target Training Accuracy on misslabel 7s: 0.934557063049
Target Attack Rate (1 to 7): 0.00237318303174

train err:
[0.14968333333333333, 0.095500000000000002, 0.084400000000000003, 0.080033333333333331, 0.078583333333333338, 0.078366666666666668]
attack rate:
[0.058884603975081579, 0.020913675467220408, 0.0054879857609018094, 0.0060812815188371399, 0.0026698309107089885, 0.0023731830317413232]
