Start training
Train error: 0.8449500000 	 79 iterations left
Train error: 0.2165500000 	 78 iterations left
Train error: 0.2003000000 	 77 iterations left
Train error: 0.1979166667 	 76 iterations left
Train error: 0.1956166667 	 75 iterations left
Train error: 0.1856500000 	 74 iterations left
Train error: 0.1871166667 	 73 iterations left
Train error: 0.1829833333 	 72 iterations left
Train error: 0.1877666667 	 71 iterations left
Train error: 0.1757333333 	 70 iterations left
Train error: 0.1774333333 	 69 iterations left
Train error: 0.1863666667 	 68 iterations left
Train error: 0.1806666667 	 67 iterations left
Train error: 0.1795500000 	 66 iterations left
Train error: 0.1742833333 	 65 iterations left
Train error: 0.1770500000 	 64 iterations left
Train error: 0.1724833333 	 63 iterations left
Train error: 0.1709666667 	 62 iterations left
Train error: 0.1771666667 	 61 iterations left
Train error: 0.1709666667 	 60 iterations left
Train error: 0.1747166667 	 59 iterations left
Train error: 0.1772166667 	 58 iterations left
Train error: 0.1706333333 	 57 iterations left
Train error: 0.1701000000 	 56 iterations left
Train error: 0.1709500000 	 55 iterations left
Train error: 0.1683000000 	 54 iterations left
Train error: 0.1706833333 	 53 iterations left
Train error: 0.1769000000 	 52 iterations left
Train error: 0.1710666667 	 51 iterations left
Train error: 0.1680166667 	 50 iterations left
Train error: 0.1776333333 	 49 iterations left
Train error: 0.1776333333 	 48 iterations left
Train error: 0.1726166667 	 47 iterations left
Train error: 0.1703166667 	 46 iterations left
Train error: 0.1754500000 	 45 iterations left
Train error: 0.1739833333 	 44 iterations left
Train error: 0.1728166667 	 43 iterations left
Train error: 0.1678833333 	 42 iterations left
Train error: 0.1652666667 	 41 iterations left
Train error: 0.1687166667 	 40 iterations left
Train error: 0.1655333333 	 39 iterations left
Train error: 0.1675666667 	 38 iterations left
Train error: 0.1654500000 	 37 iterations left
Train error: 0.1666500000 	 36 iterations left
Train error: 0.1660000000 	 35 iterations left
Train error: 0.1634666667 	 34 iterations left
Train error: 0.1689166667 	 33 iterations left
Train error: 0.1640166667 	 32 iterations left
Train error: 0.1636666667 	 31 iterations left
Train error: 0.1718500000 	 30 iterations left
Train error: 0.1684000000 	 29 iterations left
Train error: 0.1679000000 	 28 iterations left
Train error: 0.1676333333 	 27 iterations left
Train error: 0.1652833333 	 26 iterations left
Train error: 0.1661333333 	 25 iterations left
Train error: 0.1686666667 	 24 iterations left
Train error: 0.1664166667 	 23 iterations left
Train error: 0.1697166667 	 22 iterations left
Train error: 0.1702000000 	 21 iterations left
Train error: 0.1708833333 	 20 iterations left
Train error: 0.1669500000 	 19 iterations left
Train error: 0.1726666667 	 18 iterations left
Train error: 0.1676166667 	 17 iterations left
Train error: 0.1724166667 	 16 iterations left
Train error: 0.1677833333 	 15 iterations left
Train error: 0.1715333333 	 14 iterations left
Train error: 0.1670000000 	 13 iterations left
Train error: 0.1655000000 	 12 iterations left
Train error: 0.1640000000 	 11 iterations left
Train error: 0.1664333333 	 10 iterations left
Train error: 0.1647333333 	 9 iterations left
Train error: 0.1693833333 	 8 iterations left
Train error: 0.1670500000 	 7 iterations left
Train error: 0.1732166667 	 6 iterations left
Train error: 0.1676666667 	 5 iterations left
Train error: 0.1696833333 	 4 iterations left
Train error: 0.1653166667 	 3 iterations left
Train error: 0.1681333333 	 2 iterations left
Train error: 0.1723000000 	 1 iterations left
Train error: 0.1668166667 	 0 iterations left
Done iterations!
('Train error: %d', 0.16693333333333332)
('Test error: %d', 0.16919999999999999)
Overall Error: 0.822057683075
Target Training Accuracy on 4s: 0.935124957206
Target Training Accuracy on misslabel 9s: 0.000504286434695
Target Attack Rate (4 to 9): 0.0


(Pdb) logistic_aggregator.hit_matrix[9]
array([    0.,     0.,     0.,     0.,     0.,     0.,     0.,     0.,
           0.,     0.,  3936.,  3927.,  3938.,  3922.,  3925.,  3927.,
        3933.,  3929.,  3932.,  3924.,  3934.,  3936.])
(Pdb) logistic_aggregator.hit_matrix[10]
array([    0.,     0.,     0.,     0.,     0.,     0.,     0.,     5.,
           0.,  3936.,     0.,  4000.,  4000.,  4000.,  4000.,  4000.,
        4000.,  4000.,  4000.,  4000.,  4000.,  4000.])
(Pdb) logistic_aggregator.hit_matrix[11]
array([    0.,     0.,     0.,     0.,     0.,     0.,     0.,     5.,
           0.,  3927.,  4000.,     0.,  4000.,  4000.,  4000.,  4000.,
        4000.,  4000.,  4000.,  4000.,  4000.,  4000.])
(Pdb) logistic_aggregator.hit_matrix[8]
array([ 0.,  0.,  0.,  0.,  0.,  0.,  0.,  0.,  0.,  0.,  0.,  0.,  0.,
        0.,  0.,  0.,  0.,  0.,  0.,  0.,  0.,  0.])
(Pdb) logistic_aggregator.hit_matrix[4]
array([ 1.,  1.,  0.,  0.,  0.,  0.,  1.,  0.,  0.,  0.,  0.,  0.,  0.,
        0.,  0.,  0.,  0.,  0.,  0.,  0.,  0.,  0.])
