('Train error: %d', 0.25048333333333334)
('Train error: %d', 0.23136666666666666)
('Train error: %d', 0.15258333333333332)
('Train error: %d', 0.25390000000000001)
('Train error: %d', 0.28338333333333332)
('Train error: %d', 0.21843333333333334)
('Train error: %d', 0.25373333333333331)
('Train error: %d', 0.25131666666666669)
('Train error: %d', 0.25726666666666664)
('Train error: %d', 0.24809999999999999)
('Train error: %d', 0.26931666666666665)
('Train error: %d', 0.30358333333333332)
('Train error: %d', 0.3619)
('Train error: %d', 0.27313333333333334)
('Train error: %d', 0.34146666666666664)
('Train error: %d', 0.25061666666666665)
('Train error: %d', 0.19241666666666668)
('Train error: %d', 0.19483333333333333)
Done iterations!
('Train error: %d', 0.30741666666666667)
('Test error: %d', 0.30220000000000002)
Overall Error: 0.66025761388
Target Training Accuracy on 1s: 0.947938297241
Target Attack Rate (1 to 7): 0.000593295757935


misslabel_correct
0.022825219473264165
