Start training
('Train error: %d', 0.88815)
('Train error: %d', 0.35431666666666667)
('Train error: %d', 0.41391666666666665)
('Train error: %d', 0.3042166666666667)
('Train error: %d', 0.26718333333333333)
('Train error: %d', 0.27815)
('Train error: %d', 0.22848333333333334)
('Train error: %d', 0.1329)
('Train error: %d', 0.23056666666666667)
('Train error: %d', 0.18996666666666667)
('Train error: %d', 0.20581666666666668)
('Train error: %d', 0.17135)
('Train error: %d', 0.30155)
('Train error: %d', 0.1762)
('Train error: %d', 0.27241666666666664)
('Train error: %d', 0.25875)
('Train error: %d', 0.21665)
('Train error: %d', 0.22441666666666665)
('Train error: %d', 0.26271666666666665)
('Train error: %d', 0.3212833333333333)
('Train error: %d', 0.22541666666666665)
('Train error: %d', 0.29301666666666665)
('Train error: %d', 0.17811666666666667)
('Train error: %d', 0.20481666666666667)
('Train error: %d', 0.26188333333333336)
('Train error: %d', 0.2316)
('Train error: %d', 0.2572)
('Train error: %d', 0.24128333333333332)
('Train error: %d', 0.32056666666666667)
('Train error: %d', 0.32918333333333333)
('Train error: %d', 0.25006666666666666)
('Train error: %d', 0.23386666666666667)
('Train error: %d', 0.17998333333333333)
('Train error: %d', 0.2296)
('Train error: %d', 0.25805)
('Train error: %d', 0.28565)
('Train error: %d', 0.25953333333333334)
('Train error: %d', 0.28863333333333335)
('Train error: %d', 0.22723333333333334)
('Train error: %d', 0.2056)
('Train error: %d', 0.35538333333333333)
('Train error: %d', 0.25501666666666667)
('Train error: %d', 0.18338333333333334)
('Train error: %d', 0.2297)
('Train error: %d', 0.23793333333333333)
('Train error: %d', 0.29723333333333335)
('Train error: %d', 0.27075)
('Train error: %d', 0.36028333333333334)
('Train error: %d', 0.3591666666666667)
('Train error: %d', 0.3283)
('Train error: %d', 0.32316666666666666)
('Train error: %d', 0.32045)
('Train error: %d', 0.2727833333333333)
('Train error: %d', 0.2676)
('Train error: %d', 0.17428333333333335)
('Train error: %d', 0.28813333333333335)
('Train error: %d', 0.18905)
('Train error: %d', 0.3882333333333333)
('Train error: %d', 0.2855333333333333)
('Train error: %d', 0.22126666666666667)
('Train error: %d', 0.20493333333333333)
('Train error: %d', 0.32045)
('Train error: %d', 0.17156666666666667)
('Train error: %d', 0.17166666666666666)
('Train error: %d', 0.1778)
('Train error: %d', 0.2696)
('Train error: %d', 0.24695)
('Train error: %d', 0.20556666666666668)
('Train error: %d', 0.20256666666666667)
('Train error: %d', 0.20658333333333334)
('Train error: %d', 0.16385)
('Train error: %d', 0.21038333333333334)
('Train error: %d', 0.24261666666666667)
('Train error: %d', 0.21753333333333333)
('Train error: %d', 0.21055)
('Train error: %d', 0.2114)
('Train error: %d', 0.22576666666666667)
('Train error: %d', 0.2707)
('Train error: %d', 0.3085)
('Train error: %d', 0.32045)
Done iterations!
('Train error: %d', 0.3272333333333333)
('Test error: %d', 0.3136)
Overall Error: 0.6850801757482444
Target Training Accuracy on 1s: 0.5754968851972708
Target Training Accuracy on misslabel 7s: 0.9800478850758181
Target Attack Rate (1 to 7): 0.374962919015129
