Start training
('Train error: %d', 0.86763333333333337)
('Train error: %d', 0.15634999999999999)
('Train error: %d', 0.13800000000000001)
('Train error: %d', 0.11651666666666667)
('Train error: %d', 0.12583333333333332)
('Train error: %d', 0.11926666666666667)
('Train error: %d', 0.1111)
('Train error: %d', 0.10036666666666667)
('Train error: %d', 0.10215)
('Train error: %d', 0.097799999999999998)
('Train error: %d', 0.099650000000000002)
('Train error: %d', 0.12826666666666667)
('Train error: %d', 0.10273333333333333)
('Train error: %d', 0.09611666666666667)
('Train error: %d', 0.10398333333333333)
('Train error: %d', 0.096216666666666673)
('Train error: %d', 0.10886666666666667)
('Train error: %d', 0.095899999999999999)
('Train error: %d', 0.093966666666666671)
('Train error: %d', 0.099049999999999999)
('Train error: %d', 0.096600000000000005)
('Train error: %d', 0.10445)
('Train error: %d', 0.099066666666666664)
('Train error: %d', 0.091266666666666663)
('Train error: %d', 0.10011666666666667)
('Train error: %d', 0.088416666666666671)
('Train error: %d', 0.10278333333333334)
('Train error: %d', 0.092450000000000004)
('Train error: %d', 0.094466666666666671)
('Train error: %d', 0.10366666666666667)
('Train error: %d', 0.097549999999999998)
('Train error: %d', 0.099883333333333338)
('Train error: %d', 0.085916666666666669)
('Train error: %d', 0.10664999999999999)
('Train error: %d', 0.097516666666666668)
('Train error: %d', 0.11363333333333334)
('Train error: %d', 0.095983333333333337)
('Train error: %d', 0.12039999999999999)
('Train error: %d', 0.0911)
('Train error: %d', 0.099199999999999997)
('Train error: %d', 0.10178333333333334)
('Train error: %d', 0.096466666666666673)
('Train error: %d', 0.11108333333333334)
('Train error: %d', 0.10501666666666666)
('Train error: %d', 0.10211666666666666)
('Train error: %d', 0.089866666666666664)
('Train error: %d', 0.092866666666666667)
('Train error: %d', 0.1104)
('Train error: %d', 0.1087)
('Train error: %d', 0.11513333333333334)
('Train error: %d', 0.094166666666666662)
('Train error: %d', 0.099933333333333332)
('Train error: %d', 0.098683333333333331)
('Train error: %d', 0.088533333333333339)
('Train error: %d', 0.10168333333333333)
('Train error: %d', 0.1099)
('Train error: %d', 0.094383333333333333)
('Train error: %d', 0.10003333333333334)
('Train error: %d', 0.099633333333333338)
('Train error: %d', 0.092483333333333334)
('Train error: %d', 0.10133333333333333)
('Train error: %d', 0.11128333333333333)
('Train error: %d', 0.097483333333333338)
('Train error: %d', 0.10101666666666667)
('Train error: %d', 0.097100000000000006)
('Train error: %d', 0.1066)
('Train error: %d', 0.10108333333333333)
('Train error: %d', 0.088450000000000001)
('Train error: %d', 0.10103333333333334)
('Train error: %d', 0.09951666666666667)
('Train error: %d', 0.1052)
('Train error: %d', 0.10041666666666667)
('Train error: %d', 0.098366666666666672)
('Train error: %d', 0.089433333333333337)
('Train error: %d', 0.11605)
('Train error: %d', 0.12768333333333334)
('Train error: %d', 0.11508333333333333)
('Train error: %d', 0.12863333333333332)
('Train error: %d', 0.12064999999999999)
('Train error: %d', 0.1193)
Done iterations!
('Train error: %d', 0.13021666666666668)
('Test error: %d', 0.1313)
Overall Error: 0.855702429682
Target Training Accuracy on 1s: 0.981014535746
Target Training Accuracy on misslabel 7s: 0.959936153232
Target Attack Rate (1 to 7): 0.00237318303174
