chris@liskov:~/TorML/ML$ python code/ML_main.py
Start training
Train error: 0.8320500000 	 79 iterations left
Train error: 0.2418500000 	 78 iterations left
Train error: 0.2595000000 	 77 iterations left
Train error: 0.2510000000 	 76 iterations left
Train error: 0.2491333333 	 75 iterations left
Train error: 0.2403666667 	 74 iterations left
Train error: 0.2276833333 	 73 iterations left
Train error: 0.2414666667 	 72 iterations left
Train error: 0.2382333333 	 71 iterations left
Train error: 0.2434666667 	 70 iterations left
Train error: 0.2485500000 	 69 iterations left
Not improving much...Quiting...
Done iterations!
('Train error: %d', 0.24854999999999999)
('Test error: %d', 0.24360000000000001)
Overall Error: 0.72291486725
Target Training Accuracy on 1s: 0.976861465441
Target Training Accuracy on misslabel 7s: 0.304708699122
Target Attack Rate (1 to 7): 0.000148323939484

--Return--
> /home/chris/TorML/ML/code/ML_main.py(135)<module>()->None
-> pdb.set_trace()
(Pdb) poisoning_compare.eval(Xtest, ytest, weights, 4,9)
Overall Error: 0.726817829314
Target Training Accuracy on 4s: 0.979801437864
Target Training Accuracy on misslabel 9s: 0.0
Target Attack Rate (4 to 9): 0.0
