chris@liskov:~/TorML/ML$ python code/ML_main.py
Start training
Train error: 0.8843333333 	 79 iterations left
Train error: 0.1722666667 	 78 iterations left
Train error: 0.1748666667 	 77 iterations left
Train error: 0.1594333333 	 76 iterations left
Train error: 0.1443833333 	 75 iterations left
Train error: 0.1301000000 	 74 iterations left
Train error: 0.1320000000 	 73 iterations left
Train error: 0.1324500000 	 72 iterations left
Train error: 0.1092833333 	 71 iterations left
Train error: 0.1108166667 	 70 iterations left
Train error: 0.1260500000 	 69 iterations left
Train error: 0.1218166667 	 68 iterations left
Train error: 0.1091000000 	 67 iterations left
Train error: 0.1145166667 	 66 iterations left
Train error: 0.1079333333 	 65 iterations left
Train error: 0.1078000000 	 64 iterations left
Train error: 0.1057833333 	 63 iterations left
Train error: 0.1094333333 	 62 iterations left
Not improving much...Quiting...
Done iterations!
('Train error: %d', 0.10943333333333333)
('Test error: %d', 0.1033)
Overall Error: 0.879266964587
Target Training Accuracy on 1s: 0.97982794423
Target Training Accuracy on misslabel 7s: 0.946528332003
Target Attack Rate (1 to 7): 0.00237318303174

--Return--
> /home/chris/TorML/ML/code/ML_main.py(137)<module>()->None
-> pdb.set_trace()
(Pdb) logistic_aggregator.hit_matrix
array([[   0.,    1.,    0.,    0.,    0.,    0.,    0.,    0.,    0.,
           0.,    0.,    0.,    0.,    0.,    0.,    0.,    0.,    0.,
           0.,    0.,    0.,    0.],
       [   1.,    0.,    0.,    0.,    0.,    0.,    0.,    0.,    0.,
           0.,    0.,    0.,    0.,    0.,    0.,    0.,    0.,    0.,
           0.,    0.,    0.,    0.],
       [   0.,    0.,    0.,    0.,    0.,    0.,    0.,    0.,    0.,
           0.,    0.,    0.,    0.,    0.,    0.,    0.,    0.,    0.,
           0.,    0.,    0.,    0.],
       [   0.,    0.,    0.,    0.,    0.,    0.,    0.,    0.,    0.,
           0.,    0.,    0.,    0.,    0.,    0.,    0.,    0.,    0.,
           0.,    0.,    0.,    0.],
       [   0.,    0.,    0.,    0.,    0.,    0.,    0.,    0.,    0.,
           0.,    0.,    0.,    0.,    0.,    0.,    0.,    0.,    0.,
           0.,    0.,    0.,    0.],
       [   0.,    0.,    0.,    0.,    0.,    0.,    0.,    0.,    0.,
           0.,    0.,    0.,    0.,    0.,    0.,    0.,    0.,    0.,
           0.,    0.,    0.,    0.],
       [   0.,    0.,    0.,    0.,    0.,    0.,    0.,    0.,    0.,
           0.,    0.,    0.,    0.,    0.,    0.,    0.,    0.,    0.,
           0.,    0.,    0.,    0.],
       [   0.,    0.,    0.,    0.,    0.,    0.,    0.,    0.,    0.,
           0.,   34.,   36.,   34.,   37.,    0.,    0.,    0.,    0.,
           0.,    0.,    0.,    0.],
       [   0.,    0.,    0.,    0.,    0.,    0.,    0.,    0.,    0.,
           0.,    0.,    0.,    0.,    0.,    0.,    0.,    0.,  155.,
         155.,   28.,   27.,   24.],
       [   0.,    0.,    0.,    0.,    0.,    0.,    0.,    0.,    0.,
           0.,    0.,    0.,    0.,    0.,  172.,  172.,  174.,    0.,
           0.,    0.,    0.,    0.],
       [   0.,    0.,    0.,    0.,    0.,    0.,    0.,   34.,    0.,
           0.,    0.,  788.,  785.,  783.,    0.,    0.,    0.,    0.,
           0.,    0.,    0.,    0.],
       [   0.,    0.,    0.,    0.,    0.,    0.,    0.,   36.,    0.,
           0.,  788.,    0.,  784.,  789.,    0.,    0.,    0.,    0.,
           0.,    0.,    0.,    0.],
       [   0.,    0.,    0.,    0.,    0.,    0.,    0.,   34.,    0.,
           0.,  785.,  784.,    0.,  784.,    0.,    0.,    0.,    0.,
           0.,    0.,    0.,    0.],
       [   0.,    0.,    0.,    0.,    0.,    0.,    0.,   37.,    0.,
           0.,  783.,  789.,  784.,    0.,    0.,    0.,    0.,    0.,
           0.,    0.,    0.,    0.],
       [   0.,    0.,    0.,    0.,    0.,    0.,    0.,    0.,    0.,
         172.,    0.,    0.,    0.,    0.,    0.,  787.,  797.,    0.,
           0.,    0.,    0.,    0.],
       [   0.,    0.,    0.,    0.,    0.,    0.,    0.,    0.,    0.,
         172.,    0.,    0.,    0.,    0.,  787.,    0.,  796.,    0.,
           0.,    0.,    0.,    0.],
       [   0.,    0.,    0.,    0.,    0.,    0.,    0.,    0.,    0.,
         174.,    0.,    0.,    0.,    0.,  797.,  796.,    0.,    0.,
           0.,    0.,    0.,    0.],
       [   0.,    0.,    0.,    0.,    0.,    0.,    0.,    0.,  155.,
           0.,    0.,    0.,    0.,    0.,    0.,    0.,    0.,    0.,
         851.,    7.,    5.,    7.],
       [   0.,    0.,    0.,    0.,    0.,    0.,    0.,    0.,  155.,
           0.,    0.,    0.,    0.,    0.,    0.,    0.,    0.,  851.,
           0.,    5.,    4.,    4.],
       [   0.,    0.,    0.,    0.,    0.,    0.,    0.,    0.,   28.,
           0.,    0.,    0.,    0.,    0.,    0.,    0.,    0.,    7.,
           5.,    0.,  828.,  834.],
       [   0.,    0.,    0.,    0.,    0.,    0.,    0.,    0.,   27.,
           0.,    0.,    0.,    0.,    0.,    0.,    0.,    0.,    5.,
           4.,  828.,    0.,  826.],
       [   0.,    0.,    0.,    0.,    0.,    0.,    0.,    0.,   24.,
           0.,    0.,    0.,    0.,    0.,    0.,    0.,    0.,    7.,
           4.,  834.,  826.,    0.]])
