Start training
('Train error: %d', 0.75136666666666663)
('Train error: %d', 0.31396666666666667)
('Train error: %d', 0.33051666666666668)
('Train error: %d', 0.25869999999999999)
('Train error: %d', 0.25724999999999998)
('Train error: %d', 0.26295000000000002)
('Train error: %d', 0.25591666666666668)
('Train error: %d', 0.31526666666666664)
('Train error: %d', 0.22573333333333334)
('Train error: %d', 0.20261666666666667)
('Train error: %d', 0.21408333333333332)
('Train error: %d', 0.26868333333333333)
('Train error: %d', 0.24786666666666668)
('Train error: %d', 0.30288333333333334)
('Train error: %d', 0.27758333333333335)
('Train error: %d', 0.25240000000000001)
('Train error: %d', 0.24468333333333334)
('Train error: %d', 0.31590000000000001)
('Train error: %d', 0.21343333333333334)
('Train error: %d', 0.28013333333333335)
('Train error: %d', 0.2273)
('Train error: %d', 0.30081666666666668)
('Train error: %d', 0.23186666666666667)
('Train error: %d', 0.23398333333333332)
('Train error: %d', 0.23319999999999999)
('Train error: %d', 0.23333333333333334)
('Train error: %d', 0.24421666666666667)
('Train error: %d', 0.26305000000000001)
('Train error: %d', 0.23780000000000001)
('Train error: %d', 0.26965)
('Train error: %d', 0.2505)
('Train error: %d', 0.26671666666666666)
('Train error: %d', 0.31018333333333331)
('Train error: %d', 0.22611666666666666)
('Train error: %d', 0.2601)
('Train error: %d', 0.25430000000000003)
('Train error: %d', 0.21771666666666667)
('Train error: %d', 0.31574999999999998)
('Train error: %d', 0.21731666666666666)
('Train error: %d', 0.22596666666666668)
('Train error: %d', 0.26456666666666667)
('Train error: %d', 0.35154999999999997)
('Train error: %d', 0.28493333333333332)
('Train error: %d', 0.28455000000000003)
('Train error: %d', 0.26645000000000002)
('Train error: %d', 0.31431666666666669)
('Train error: %d', 0.26598333333333335)
('Train error: %d', 0.21174999999999999)
('Train error: %d', 0.26245000000000002)
('Train error: %d', 0.22518333333333335)
('Train error: %d', 0.24790000000000001)
('Train error: %d', 0.28301666666666669)
('Train error: %d', 0.35816666666666669)
('Train error: %d', 0.30930000000000002)
('Train error: %d', 0.24515000000000001)
('Train error: %d', 0.29196666666666665)
('Train error: %d', 0.30521666666666669)
('Train error: %d', 0.27036666666666664)
('Train error: %d', 0.23213333333333333)
('Train error: %d', 0.26138333333333336)
('Train error: %d', 0.24253333333333332)
('Train error: %d', 0.25733333333333336)
('Train error: %d', 0.23731666666666668)
('Train error: %d', 0.36891666666666667)
('Train error: %d', 0.27846666666666664)
('Train error: %d', 0.22533333333333333)
('Train error: %d', 0.28851666666666664)
('Train error: %d', 0.22455)
('Train error: %d', 0.32303333333333334)
('Train error: %d', 0.31918333333333332)
('Train error: %d', 0.2235)
('Train error: %d', 0.29738333333333333)
('Train error: %d', 0.34510000000000002)
('Train error: %d', 0.22170000000000001)
('Train error: %d', 0.28988333333333333)
('Train error: %d', 0.32001666666666667)
('Train error: %d', 0.25391666666666668)
('Train error: %d', 0.27963333333333334)
('Train error: %d', 0.23558333333333334)
('Train error: %d', 0.27728333333333333)
Done iterations!
('Train error: %d', 0.26423333333333332)
('Test error: %d', 0.2631)
Overall Error: 0.714612799586
Target Training Accuracy on 4s: 0.931872646354
Target Attack Rate (4 to 9): 0.0
