chris@liskov:~/TorML/ML$ python code/ML_main.py
Start training
Train error: 0.8994500000 	 79 iterations left
Train error: 0.1447500000 	 78 iterations left
Train error: 0.1307166667 	 77 iterations left
Train error: 0.1352166667 	 76 iterations left
Train error: 0.1309500000 	 75 iterations left
Train error: 0.1291000000 	 74 iterations left
Train error: 0.1126000000 	 73 iterations left
Train error: 0.1083833333 	 72 iterations left
Train error: 0.1151000000 	 71 iterations left
Train error: 0.1104166667 	 70 iterations left
Train error: 0.1096333333 	 69 iterations left
Train error: 0.0969166667 	 68 iterations left
Train error: 0.0974333333 	 67 iterations left
Train error: 0.1050333333 	 66 iterations left
Train error: 0.1015500000 	 65 iterations left
Train error: 0.1039166667 	 64 iterations left
Train error: 0.0976500000 	 63 iterations left
Train error: 0.1038833333 	 62 iterations left
Train error: 0.0988000000 	 61 iterations left
Train error: 0.1049000000 	 60 iterations left
Train error: 0.1142166667 	 59 iterations left
Not improving much...Quiting...
Done iterations!
('Train error: %d', 0.11421666666666666)
('Test error: %d', 0.11210000000000001)
Overall Error: 0.874009538473
Target Training Accuracy on 1s: 0.978789676654
Target Training Accuracy on misslabel 7s: 0.960734237829
Target Attack Rate (1 to 7): 0.00385642242658

--Return--
> /home/chris/TorML/ML/code/ML_main.py(131)<module>()->None
-> pdb.set_trace()
(Pdb) poisoning_compare.eval(Xtest, ytest, weights, 4, 9)
Overall Error: 0.87966690055
Target Training Accuracy on 4s: 0.942485450188
Target Training Accuracy on misslabel 9s: 0.677592872752
Target Attack Rate (4 to 9): 0.00872988702499

0.0087298870249914416
