Start training across 15 clients.
Train error: 0.6963833333
Train error: 0.3152666667
Train error: 0.4429166667
Train error: 0.2866666667
Train error: 0.2553000000
Train error: 0.2131500000
Train error: 0.2547500000
Train error: 0.1777666667
Train error: 0.2485333333
Train error: 0.2078500000
Train error: 0.1623333333
Train error: 0.1959166667
Train error: 0.2339166667
Train error: 0.1801333333
Train error: 0.2017666667
Train error: 0.1925833333
Train error: 0.1926666667
Train error: 0.2557000000
Train error: 0.1627833333
Train error: 0.1548166667
Train error: 0.2516333333
Train error: 0.2130166667
Train error: 0.2018166667
Train error: 0.1900500000
Train error: 0.1753500000
Train error: 0.1783166667
Train error: 0.1760333333
Train error: 0.1452666667
Train error: 0.1500833333
Train error: 0.1688166667
Train error: 0.1451166667
Train error: 0.1567666667
Train error: 0.1680666667
Train error: 0.1429666667
Train error: 0.1891000000
Train error: 0.1577000000
Train error: 0.1609833333
Train error: 0.2150000000
Train error: 0.1298333333
Train error: 0.1405666667
Train error: 0.1611333333
Train error: 0.1497333333
Train error: 0.1345000000
Train error: 0.2182000000
Train error: 0.1483666667
Train error: 0.1363500000
Train error: 0.1622666667
Train error: 0.1440833333
Train error: 0.1615833333
Train error: 0.1295333333
Train error: 0.1339000000
Train error: 0.1690833333
Train error: 0.1551833333
Train error: 0.1557166667
Train error: 0.1630333333
Train error: 0.1512833333
Train error: 0.1748666667
Train error: 0.1673500000
Train error: 0.2170833333
Train error: 0.1535000000
Train error: 0.1400000000
Train error: 0.2358833333
Train error: 0.1335000000
Train error: 0.1717833333
Train error: 0.2282500000
Train error: 0.1523833333
Train error: 0.1476166667
Train error: 0.1468166667
Train error: 0.1780000000
Train error: 0.1452833333
Train error: 0.1484333333
Train error: 0.1702166667
Train error: 0.1533333333
Train error: 0.1764166667
Train error: 0.1459000000
Train error: 0.1745000000
Train error: 0.2306333333
Train error: 0.1684833333
Train error: 0.1569000000
Train error: 0.1540833333
Train error: 0.1465500000
Train error: 0.1470833333
Train error: 0.2360833333
Train error: 0.1404666667
Train error: 0.1484666667
Train error: 0.1511166667
Train error: 0.2156166667
Train error: 0.1484833333
Train error: 0.1666333333
Train error: 0.1451333333
Train error: 0.1448666667
Train error: 0.2279666667
Train error: 0.1456833333
Train error: 0.1325166667
Train error: 0.1409000000
Train error: 0.1457333333
Train error: 0.1686666667
Train error: 0.1408666667
Train error: 0.1873166667
Train error: 0.1895500000
Train error: 0.1350000000
Train error: 0.1884833333
Train error: 0.1500000000
Train error: 0.1593833333
Train error: 0.1712000000
Train error: 0.1347333333
Train error: 0.1358666667
Train error: 0.1518500000
Train error: 0.1739333333
Train error: 0.1398166667
Train error: 0.1489333333
Train error: 0.1257833333
Train error: 0.1663333333
Train error: 0.1282666667
Train error: 0.1377333333
Train error: 0.2019333333
Train error: 0.1356000000
Train error: 0.1462000000
Train error: 0.1493666667
Train error: 0.1294666667
Train error: 0.1565166667
Train error: 0.1627500000
Train error: 0.1438166667
Train error: 0.1529166667
Train error: 0.1780833333
Train error: 0.1587833333
Train error: 0.1637333333
Train error: 0.1564833333
Train error: 0.1265000000
Train error: 0.1421833333
Train error: 0.1251500000
Train error: 0.1435333333
Train error: 0.2096833333
Train error: 0.1406000000
Train error: 0.1528166667
Train error: 0.1338666667
Train error: 0.1295166667
Train error: 0.1343500000
Train error: 0.1704666667
Train error: 0.1212333333
Train error: 0.1143833333
Train error: 0.1292166667
Train error: 0.1494166667
Train error: 0.1504000000
Train error: 0.1322833333
Train error: 0.1681000000
Train error: 0.1501500000
Train error: 0.1711833333
Train error: 0.1527333333
Train error: 0.1399333333
Train error: 0.1454500000
Train error: 0.1687500000
Train error: 0.1285000000
Train error: 0.1495166667
Train error: 0.1812500000
Train error: 0.1589500000
Train error: 0.1601666667
Train error: 0.1414500000
Train error: 0.1948500000
Train error: 0.1989166667
Train error: 0.1816000000
Train error: 0.1702833333
Train error: 0.1352333333
Train error: 0.1413833333
Train error: 0.1578666667
Train error: 0.1620666667
Train error: 0.1610166667
Train error: 0.1565000000
Train error: 0.1758000000
Train error: 0.1424166667
Train error: 0.1646166667
Train error: 0.1755666667
Train error: 0.1786833333
Train error: 0.2005833333
Train error: 0.1659500000
Train error: 0.1644500000
Train error: 0.1458333333
Train error: 0.1471500000
Train error: 0.1755500000
Train error: 0.1536000000
Train error: 0.1509333333
Train error: 0.1418666667
Train error: 0.1315500000
Train error: 0.1342833333
Train error: 0.1327166667
Train error: 0.1606000000
Train error: 0.1741333333
Train error: 0.1652833333
Train error: 0.1463333333
Train error: 0.1634166667
Train error: 0.1762833333
Train error: 0.1385666667
Train error: 0.1461833333
Train error: 0.1457000000
Train error: 0.1767333333
Train error: 0.1631666667
Train error: 0.1402666667
Train error: 0.1187666667
Train error: 0.1314000000
Train error: 0.1415333333
Train error: 0.1178166667
Train error: 0.1338500000
Train error: 0.1248000000
Train error: 0.1849666667
Train error: 0.1258166667
Train error: 0.1452333333
Train error: 0.1736666667
Train error: 0.1310666667
Train error: 0.1661500000
Train error: 0.1290500000
Train error: 0.1619000000
Train error: 0.1362000000
Train error: 0.2326333333
Train error: 0.1406000000
Train error: 0.1461666667
Train error: 0.1368333333
Train error: 0.1374333333
Train error: 0.1797333333
Train error: 0.2550166667
Train error: 0.1630000000
Train error: 0.1248833333
Train error: 0.1376166667
Train error: 0.1340500000
Train error: 0.1844166667
Train error: 0.1382333333
Train error: 0.1695000000
Train error: 0.1302500000
Train error: 0.1506666667
Train error: 0.1625000000
Train error: 0.1256666667
Train error: 0.1654833333
Train error: 0.1361166667
Train error: 0.1643833333
Train error: 0.1386000000
Train error: 0.1462500000
Train error: 0.1671000000
Train error: 0.1459000000
Train error: 0.1384666667
Train error: 0.1248166667
Train error: 0.1464833333
Train error: 0.1751333333
Train error: 0.1549833333
Train error: 0.1401833333
Train error: 0.1708500000
Train error: 0.1438166667
Train error: 0.1928333333
Train error: 0.1807166667
Train error: 0.1456166667
Train error: 0.1773500000
Train error: 0.1346333333
Train error: 0.1545000000
Train error: 0.1317833333
Train error: 0.1483000000
Train error: 0.1665000000
Train error: 0.1342500000
Train error: 0.1322333333
Train error: 0.1334500000
Train error: 0.1530166667
Train error: 0.1497000000
Train error: 0.1681166667
Train error: 0.1945500000
Train error: 0.2159333333
Train error: 0.1525666667
Train error: 0.1382000000
Train error: 0.1238833333
Train error: 0.1276333333
Train error: 0.1807000000
Train error: 0.1270166667
Train error: 0.1207833333
Train error: 0.1514333333
Train error: 0.1664500000
Train error: 0.1652000000
Train error: 0.1283000000
Train error: 0.1567500000
Train error: 0.1305500000
Train error: 0.1246333333
Train error: 0.1492666667
Train error: 0.1406500000
Train error: 0.1368666667
Train error: 0.1688000000
Train error: 0.1436333333
Train error: 0.1320166667
Train error: 0.1781000000
Train error: 0.1721666667
Train error: 0.1370500000
Train error: 0.1504666667
Train error: 0.1308500000
Train error: 0.1230000000
Train error: 0.1724166667
Train error: 0.1192666667
Train error: 0.1301833333
Train error: 0.1533166667
Train error: 0.1331666667
Train error: 0.1650833333
Train error: 0.1611666667
Train error: 0.1531333333
Train error: 0.1190666667
Train error: 0.1671666667
Train error: 0.1386166667
Train error: 0.1317333333
Done iterations!
('Train error: %d', 0.14155)
('Test error: %d', 0.1353)
Overall Error: 0.8468962409403282
Target Training Accuracy on 1s: 0.9497181845149807
Target Training Accuracy on misslabel 7s: 0.8371907422186752
Target Attack Rate (1 to 7): 0.0022248590922574903

