Start training across 15 clients.
Train error: 0.6326666667
Train error: 0.5649666667
Train error: 0.4122833333
Train error: 0.3314500000
Train error: 0.3446000000
Train error: 0.2315166667
Train error: 0.2719333333
Train error: 0.2875500000
Train error: 0.2358333333
Train error: 0.2340333333
Train error: 0.2161500000
Train error: 0.2205000000
Train error: 0.2189000000
Train error: 0.2022000000
Train error: 0.2103166667
Train error: 0.2662666667
Train error: 0.2982333333
Train error: 0.1777333333
Train error: 0.2313000000
Train error: 0.1706166667
Train error: 0.2307333333
Train error: 0.2048166667
Train error: 0.2134000000
Train error: 0.1869500000
Train error: 0.2175166667
Train error: 0.2114333333
Train error: 0.2670833333
Train error: 0.2938500000
Train error: 0.2196166667
Train error: 0.2870833333
Train error: 0.2232166667
Train error: 0.1925833333
Train error: 0.2342666667
Train error: 0.2248666667
Train error: 0.1635833333
Train error: 0.2421500000
Train error: 0.1775666667
Train error: 0.1642333333
Train error: 0.2689833333
Train error: 0.2063500000
Train error: 0.1864500000
Train error: 0.2164166667
Train error: 0.2321833333
Train error: 0.2200666667
Train error: 0.1673833333
Train error: 0.2214500000
Train error: 0.2322166667
Train error: 0.2400000000
Train error: 0.1815166667
Train error: 0.1520500000
Train error: 0.2095666667
Train error: 0.2115500000
Train error: 0.2753500000
Train error: 0.1873500000
Train error: 0.1963833333
Train error: 0.2186000000
Train error: 0.1847166667
Train error: 0.2427833333
Train error: 0.1770000000
Train error: 0.1617000000
Train error: 0.1376000000
Train error: 0.1849333333
Train error: 0.1807666667
Train error: 0.2009666667
Train error: 0.2244500000
Train error: 0.1656833333
Train error: 0.1581333333
Train error: 0.1543166667
Train error: 0.1720500000
Train error: 0.2321833333
Train error: 0.1855166667
Train error: 0.1580166667
Train error: 0.1833166667
Train error: 0.1798833333
Train error: 0.1390166667
Train error: 0.2559500000
Train error: 0.2246666667
Train error: 0.1945333333
Train error: 0.1825000000
Train error: 0.1546000000
Train error: 0.1562666667
Train error: 0.2816000000
Train error: 0.2541333333
Train error: 0.2011833333
Train error: 0.1594833333
Train error: 0.1532666667
Train error: 0.1614333333
Train error: 0.1664000000
Train error: 0.1532666667
Train error: 0.1391333333
Train error: 0.1650000000
Train error: 0.1700666667
Train error: 0.1495500000
Train error: 0.1575833333
Train error: 0.1458833333
Train error: 0.2083833333
Train error: 0.2719333333
Train error: 0.1832333333
Train error: 0.2221000000
Train error: 0.2086833333
Train error: 0.1580833333
Train error: 0.1713500000
Train error: 0.2063333333
Train error: 0.2053500000
Train error: 0.1699333333
Train error: 0.1607333333
Train error: 0.1564166667
Train error: 0.1620000000
Train error: 0.2540333333
Train error: 0.1607166667
Train error: 0.1516000000
Train error: 0.1751166667
Train error: 0.2380166667
Train error: 0.2705166667
Train error: 0.2557000000
Train error: 0.1769833333
Train error: 0.1520833333
Train error: 0.1588833333
Train error: 0.1708333333
Train error: 0.1410666667
Train error: 0.1926500000
Train error: 0.1649166667
Train error: 0.1332000000
Train error: 0.1363333333
Train error: 0.1937166667
Train error: 0.1816333333
Train error: 0.1514333333
Train error: 0.1742500000
Train error: 0.1899000000
Train error: 0.2038166667
Train error: 0.1676500000
Train error: 0.2530333333
Train error: 0.1512833333
Train error: 0.2078000000
Train error: 0.1981833333
Train error: 0.1555833333
Train error: 0.1788166667
Train error: 0.2136166667
Train error: 0.2672500000
Train error: 0.1752833333
Train error: 0.2300000000
Train error: 0.2840000000
Train error: 0.1621833333
Train error: 0.1989333333
Train error: 0.1650333333
Train error: 0.1726166667
Train error: 0.1613833333
Train error: 0.1731333333
Train error: 0.1559166667
Train error: 0.2012166667
Train error: 0.3146833333
Train error: 0.2278000000
Train error: 0.1821166667
Train error: 0.2076166667
Train error: 0.1982833333
Train error: 0.1488333333
Train error: 0.2216500000
Train error: 0.1454666667
Train error: 0.1849166667
Train error: 0.2507500000
Train error: 0.2285500000
Train error: 0.1731666667
Train error: 0.1765500000
Train error: 0.1508833333
Train error: 0.1829000000
Train error: 0.2249500000
Train error: 0.2060000000
Train error: 0.2001833333
Train error: 0.2472500000
Train error: 0.1636500000
Train error: 0.2748333333
Train error: 0.2069000000
Train error: 0.1916000000
Train error: 0.2086166667
Train error: 0.1528166667
Train error: 0.1744333333
Train error: 0.3120666667
Train error: 0.1961333333
Train error: 0.1912000000
Train error: 0.1980333333
Train error: 0.2202500000
Train error: 0.1550833333
Train error: 0.1689833333
Train error: 0.1465166667
Train error: 0.2045500000
Train error: 0.1553666667
Train error: 0.2055833333
Train error: 0.2260000000
Train error: 0.2990666667
Train error: 0.1668333333
Train error: 0.1779500000
Train error: 0.1841166667
Train error: 0.1952000000
Train error: 0.1720833333
Train error: 0.2018500000
Train error: 0.1684166667
Train error: 0.1874000000
Train error: 0.2189833333
Train error: 0.2462500000
Train error: 0.2008833333
Train error: 0.1899333333
Train error: 0.1709333333
Train error: 0.1463000000
Train error: 0.1745666667
Train error: 0.2256500000
Train error: 0.2330833333
Train error: 0.1760500000
Train error: 0.2036166667
Train error: 0.1458166667
Train error: 0.1458666667
Train error: 0.1895666667
Train error: 0.1472833333
Train error: 0.2093833333
Train error: 0.3071000000
Train error: 0.1660166667
Train error: 0.1469166667
Train error: 0.1843833333
Train error: 0.1520500000
Train error: 0.2003000000
Train error: 0.1959000000
Train error: 0.1658333333
Train error: 0.2113333333
Train error: 0.1542166667
Train error: 0.1634166667
Train error: 0.1447333333
Train error: 0.2031833333
Train error: 0.1661000000
Train error: 0.2650500000
Train error: 0.1763000000
Train error: 0.1994833333
Train error: 0.1491833333
Train error: 0.2231000000
Train error: 0.2309166667
Train error: 0.2098000000
Train error: 0.2241333333
Train error: 0.2264333333
Train error: 0.1548666667
Train error: 0.2033833333
Train error: 0.2116666667
Train error: 0.2261166667
Train error: 0.1921166667
Train error: 0.1620833333
Train error: 0.1769166667
Train error: 0.2373333333
Train error: 0.2122333333
Train error: 0.1817500000
Train error: 0.2841666667
Train error: 0.1742000000
Train error: 0.1715666667
Train error: 0.2427666667
Train error: 0.1995833333
Train error: 0.2189166667
Train error: 0.1723500000
Train error: 0.2167166667
Train error: 0.1911166667
Train error: 0.1443000000
Train error: 0.2003333333
Train error: 0.2101166667
Train error: 0.1711833333
Train error: 0.2714333333
Train error: 0.1888000000
Train error: 0.1787500000
Train error: 0.1805833333
Train error: 0.3101000000
Train error: 0.2045333333
Train error: 0.2090000000
Train error: 0.2698666667
Train error: 0.1702666667
Train error: 0.2410500000
Train error: 0.2578833333
Train error: 0.1483500000
Train error: 0.2184833333
Train error: 0.1663166667
Train error: 0.1460166667
Train error: 0.1955000000
Train error: 0.1633166667
Train error: 0.1785666667
Train error: 0.1784166667
Train error: 0.1823666667
Train error: 0.1726500000
Train error: 0.1900166667
Train error: 0.2399500000
Train error: 0.2368666667
Train error: 0.1593166667
Train error: 0.2619833333
Train error: 0.1574333333
Train error: 0.1835000000
Train error: 0.1519500000
Train error: 0.1614500000
Train error: 0.2323333333
Train error: 0.1983500000
Train error: 0.1971333333
Train error: 0.1724666667
Train error: 0.2515500000
Train error: 0.2311500000
Train error: 0.1554166667
Train error: 0.1670666667
Train error: 0.1933833333
Train error: 0.2169333333
Train error: 0.1793500000
Done iterations!
('Train error: %d', 0.17366666666666666)
('Test error: %d', 0.1692)
Overall Error: 0.8369259078448308
Target Training Accuracy on 1s: 0.7426579649955503
Target Training Accuracy on misslabel 7s: 0.9308858739026337
Target Attack Rate (1 to 7): 0.24532779590625928

